c:\users\dell\source\repos\project1\release\chess.ipdb
c:\users\dell\source\repos\project1\release\chess.iobj
c:\users\dell\source\repos\project1\project1\release\vc141.pdb
c:\users\dell\source\repos\project1\project1\release\whitepawn.obj
c:\users\dell\source\repos\project1\project1\release\blackpawn.obj
c:\users\dell\source\repos\project1\project1\release\rook.obj
c:\users\dell\source\repos\project1\project1\release\queen.obj
c:\users\dell\source\repos\project1\project1\release\knight.obj
c:\users\dell\source\repos\project1\project1\release\king.obj
c:\users\dell\source\repos\project1\project1\release\main.obj
c:\users\dell\source\repos\project1\project1\release\bishop.obj
c:\users\dell\source\repos\project1\project1\release\piece.obj
c:\users\dell\source\repos\project1\project1\release\chess.pch
c:\users\dell\source\repos\project1\project1\release\stdafx.obj
c:\users\dell\source\repos\project1\release\chess.exe
c:\users\dell\source\repos\project1\release\chess.pdb
c:\users\dell\source\repos\project1\project1\release\project1.pch
c:\users\dell\source\repos\project1\project1\release\chess.tlog\chess.write.1u.tlog
c:\users\dell\source\repos\project1\project1\release\chess.tlog\cl.command.1.tlog
c:\users\dell\source\repos\project1\project1\release\chess.tlog\cl.read.1.tlog
c:\users\dell\source\repos\project1\project1\release\chess.tlog\cl.write.1.tlog
c:\users\dell\source\repos\project1\project1\release\chess.tlog\link.command.1.tlog
c:\users\dell\source\repos\project1\project1\release\chess.tlog\link.read.1.tlog
c:\users\dell\source\repos\project1\project1\release\chess.tlog\link.write.1.tlog
